2020-07-15 12:47:36,556 [Worker-5: Loading available Gradle versions] INFO  o.e.b.c.i.u.g.PublishedGradleVersions - Gradle version information cache is out-of-date. Trying to update.
2020-07-15 12:50:24,717 [Worker-4: Creating maven-archetype-quickstart] INFO  o.e.m.c.i.p.ProjectConfigurationManager - Collecting project info '/pom.xml' F:\Clean_Code\clean_code\pom.xml
2020-07-15 12:50:29,503 [Worker-4: Creating maven-archetype-quickstart] INFO  o.e.m.c.i.l.LifecycleMappingFactory - Using org.eclipse.m2e.jdt.JarLifecycleMapping lifecycle mapping for MavenProject: epam.com:clean_code:0.0.1-SNAPSHOT @ F:\Clean_Code\clean_code\pom.xml.
2020-07-15 12:50:30,622 [Worker-4: Creating maven-archetype-quickstart] INFO  o.e.m.j.i.AbstractJavaProjectConfigurator - Adding source folder /clean_code/src/main/java
2020-07-15 12:50:30,626 [Worker-4: Creating maven-archetype-quickstart] INFO  o.e.m.j.i.AbstractJavaProjectConfigurator - Adding source folder /clean_code/src/test/java
2020-07-15 12:50:32,184 [Worker-4: Creating maven-archetype-quickstart] INFO  o.e.m.c.i.p.ProjectConfigurationManager - Imported and configured 1 project(s) in 7 sec
2020-07-15 12:50:33,623 [Worker-7: Building] INFO  o.e.m.c.i.embedder.EclipseLogger - Using 'UTF-8' encoding to copy filtered resources.
2020-07-15 12:50:33,624 [Worker-7: Building] INFO  o.e.m.c.i.embedder.EclipseLogger - skip non existing resourceDirectory F:\Clean_Code\clean_code\src\main\resources
2020-07-15 12:50:33,627 [Worker-7: Building] INFO  o.e.m.c.i.embedder.EclipseLogger - Using 'UTF-8' encoding to copy filtered resources.
2020-07-15 12:50:33,627 [Worker-7: Building] INFO  o.e.m.c.i.embedder.EclipseLogger - skip non existing resourceDirectory F:\Clean_Code\clean_code\src\test\resources
2020-07-15 12:50:51,069 [Worker-3: Launching Executing install in F__Clean_Code_clean_code] INFO  o.e.m.i.launch.MavenLaunchDelegate - F:\Clean_Code\clean_code
2020-07-15 12:50:51,071 [Worker-3: Launching Executing install in F__Clean_Code_clean_code] INFO  o.e.m.i.launch.MavenLaunchDelegate -  mvn -B install
2020-07-15 12:50:56,416 [Worker-4: Building] INFO  o.e.m.c.i.embedder.EclipseLogger - Using 'UTF-8' encoding to copy filtered resources.
2020-07-15 12:50:56,416 [Worker-4: Building] INFO  o.e.m.c.i.embedder.EclipseLogger - skip non existing resourceDirectory F:\Clean_Code\clean_code\src\main\resources
2020-07-15 12:50:56,418 [Worker-4: Building] INFO  o.e.m.c.i.embedder.EclipseLogger - Using 'UTF-8' encoding to copy filtered resources.
2020-07-15 12:50:56,418 [Worker-4: Building] INFO  o.e.m.c.i.embedder.EclipseLogger - skip non existing resourceDirectory F:\Clean_Code\clean_code\src\test\resources
2020-07-15 12:53:58,531 [Worker-0: Building] INFO  o.e.m.c.i.embedder.EclipseLogger - Using 'UTF-8' encoding to copy filtered resources.
2020-07-15 12:53:58,533 [Worker-0: Building] INFO  o.e.m.c.i.embedder.EclipseLogger - skip non existing resourceDirectory F:\Clean_Code\clean_code\src\main\resources
2020-07-15 12:53:58,536 [Worker-0: Building] INFO  o.e.m.c.i.embedder.EclipseLogger - Using 'UTF-8' encoding to copy filtered resources.
2020-07-15 12:53:58,536 [Worker-0: Building] INFO  o.e.m.c.i.embedder.EclipseLogger - skip non existing resourceDirectory F:\Clean_Code\clean_code\src\test\resources
2020-07-15 12:54:27,847 [Worker-4: Building] INFO  o.e.m.c.i.embedder.EclipseLogger - Using 'UTF-8' encoding to copy filtered resources.
2020-07-15 12:54:27,847 [Worker-4: Building] INFO  o.e.m.c.i.embedder.EclipseLogger - skip non existing resourceDirectory F:\Clean_Code\clean_code\src\main\resources
2020-07-15 12:54:27,850 [Worker-4: Building] INFO  o.e.m.c.i.embedder.EclipseLogger - Using 'UTF-8' encoding to copy filtered resources.
2020-07-15 12:54:27,850 [Worker-4: Building] INFO  o.e.m.c.i.embedder.EclipseLogger - skip non existing resourceDirectory F:\Clean_Code\clean_code\src\test\resources
2020-07-15 12:54:35,109 [Worker-0: Launching Executing install in F__Clean_Code_clean_code] INFO  o.e.m.i.launch.MavenLaunchDelegate - F:\Clean_Code\clean_code
2020-07-15 12:54:35,110 [Worker-0: Launching Executing install in F__Clean_Code_clean_code] INFO  o.e.m.i.launch.MavenLaunchDelegate -  mvn -B install
2020-07-15 12:54:53,966 [Worker-5: Building] INFO  o.e.m.c.i.embedder.EclipseLogger - Using 'UTF-8' encoding to copy filtered resources.
2020-07-15 12:54:53,967 [Worker-5: Building] INFO  o.e.m.c.i.embedder.EclipseLogger - skip non existing resourceDirectory F:\Clean_Code\clean_code\src\main\resources
2020-07-15 12:54:53,975 [Worker-5: Building] INFO  o.e.m.c.i.embedder.EclipseLogger - Using 'UTF-8' encoding to copy filtered resources.
2020-07-15 12:54:53,975 [Worker-5: Building] INFO  o.e.m.c.i.embedder.EclipseLogger - skip non existing resourceDirectory F:\Clean_Code\clean_code\src\test\resources
2020-07-15 13:16:10,687 [Worker-5: Building] INFO  o.e.m.c.i.embedder.EclipseLogger - Using 'UTF-8' encoding to copy filtered resources.
2020-07-15 13:16:10,688 [Worker-5: Building] INFO  o.e.m.c.i.embedder.EclipseLogger - skip non existing resourceDirectory F:\Clean_Code\clean_code\src\main\resources
2020-07-15 13:16:10,690 [Worker-5: Building] INFO  o.e.m.c.i.embedder.EclipseLogger - Using 'UTF-8' encoding to copy filtered resources.
2020-07-15 13:16:10,691 [Worker-5: Building] INFO  o.e.m.c.i.embedder.EclipseLogger - skip non existing resourceDirectory F:\Clean_Code\clean_code\src\test\resources
2020-07-15 13:19:04,467 [Worker-10: Building] INFO  o.e.m.c.i.embedder.EclipseLogger - Using 'UTF-8' encoding to copy filtered resources.
2020-07-15 13:19:04,468 [Worker-10: Building] INFO  o.e.m.c.i.embedder.EclipseLogger - skip non existing resourceDirectory F:\Clean_Code\clean_code\src\main\resources
2020-07-15 13:19:04,472 [Worker-10: Building] INFO  o.e.m.c.i.embedder.EclipseLogger - Using 'UTF-8' encoding to copy filtered resources.
2020-07-15 13:19:04,472 [Worker-10: Building] INFO  o.e.m.c.i.embedder.EclipseLogger - skip non existing resourceDirectory F:\Clean_Code\clean_code\src\test\resources
2020-07-15 13:19:21,117 [Worker-10: Building] INFO  o.e.m.c.i.embedder.EclipseLogger - Using 'UTF-8' encoding to copy filtered resources.
2020-07-15 13:19:21,118 [Worker-10: Building] INFO  o.e.m.c.i.embedder.EclipseLogger - skip non existing resourceDirectory F:\Clean_Code\clean_code\src\main\resources
2020-07-15 13:19:21,122 [Worker-10: Building] INFO  o.e.m.c.i.embedder.EclipseLogger - Using 'UTF-8' encoding to copy filtered resources.
2020-07-15 13:19:21,122 [Worker-10: Building] INFO  o.e.m.c.i.embedder.EclipseLogger - skip non existing resourceDirectory F:\Clean_Code\clean_code\src\test\resources
2020-07-15 13:21:57,704 [Worker-13: Building] INFO  o.e.m.c.i.embedder.EclipseLogger - Using 'UTF-8' encoding to copy filtered resources.
2020-07-15 13:21:57,705 [Worker-13: Building] INFO  o.e.m.c.i.embedder.EclipseLogger - skip non existing resourceDirectory F:\Clean_Code\clean_code\src\main\resources
2020-07-15 13:21:57,708 [Worker-13: Building] INFO  o.e.m.c.i.embedder.EclipseLogger - Using 'UTF-8' encoding to copy filtered resources.
2020-07-15 13:21:57,708 [Worker-13: Building] INFO  o.e.m.c.i.embedder.EclipseLogger - skip non existing resourceDirectory F:\Clean_Code\clean_code\src\test\resources
2020-07-15 13:26:03,303 [Worker-10: Building] INFO  o.e.m.c.i.embedder.EclipseLogger - Using 'UTF-8' encoding to copy filtered resources.
2020-07-15 13:26:03,304 [Worker-10: Building] INFO  o.e.m.c.i.embedder.EclipseLogger - skip non existing resourceDirectory F:\Clean_Code\clean_code\src\main\resources
2020-07-15 13:26:03,308 [Worker-10: Building] INFO  o.e.m.c.i.embedder.EclipseLogger - Using 'UTF-8' encoding to copy filtered resources.
2020-07-15 13:26:03,309 [Worker-10: Building] INFO  o.e.m.c.i.embedder.EclipseLogger - skip non existing resourceDirectory F:\Clean_Code\clean_code\src\test\resources
2020-07-15 13:27:00,067 [Worker-15: Launching HouseTest] INFO  o.e.m.c.i.embedder.EclipseLogger - Using 'UTF-8' encoding to copy filtered resources.
2020-07-15 13:27:00,068 [Worker-15: Launching HouseTest] INFO  o.e.m.c.i.embedder.EclipseLogger - skip non existing resourceDirectory F:\Clean_Code\clean_code\src\main\resources
2020-07-15 13:27:00,093 [Worker-15: Launching HouseTest] INFO  o.e.m.c.i.embedder.EclipseLogger - Using 'UTF-8' encoding to copy filtered resources.
2020-07-15 13:27:00,094 [Worker-15: Launching HouseTest] INFO  o.e.m.c.i.embedder.EclipseLogger - skip non existing resourceDirectory F:\Clean_Code\clean_code\src\test\resources
2020-07-15 13:27:38,995 [Worker-5: Building] INFO  o.e.m.c.i.embedder.EclipseLogger - Using 'UTF-8' encoding to copy filtered resources.
2020-07-15 13:27:38,995 [Worker-5: Building] INFO  o.e.m.c.i.embedder.EclipseLogger - skip non existing resourceDirectory F:\Clean_Code\clean_code\src\main\resources
2020-07-15 13:27:38,998 [Worker-5: Building] INFO  o.e.m.c.i.embedder.EclipseLogger - Using 'UTF-8' encoding to copy filtered resources.
2020-07-15 13:27:38,999 [Worker-5: Building] INFO  o.e.m.c.i.embedder.EclipseLogger - skip non existing resourceDirectory F:\Clean_Code\clean_code\src\test\resources
2020-07-15 13:29:32,894 [Worker-14: Building] INFO  o.e.m.c.i.embedder.EclipseLogger - Using 'UTF-8' encoding to copy filtered resources.
2020-07-15 13:29:32,894 [Worker-14: Building] INFO  o.e.m.c.i.embedder.EclipseLogger - skip non existing resourceDirectory F:\Clean_Code\clean_code\src\main\resources
2020-07-15 13:29:32,896 [Worker-14: Building] INFO  o.e.m.c.i.embedder.EclipseLogger - Using 'UTF-8' encoding to copy filtered resources.
2020-07-15 13:29:32,896 [Worker-14: Building] INFO  o.e.m.c.i.embedder.EclipseLogger - skip non existing resourceDirectory F:\Clean_Code\clean_code\src\test\resources
2020-07-15 13:29:52,844 [Worker-5: Building] INFO  o.e.m.c.i.embedder.EclipseLogger - Using 'UTF-8' encoding to copy filtered resources.
2020-07-15 13:29:52,844 [Worker-5: Building] INFO  o.e.m.c.i.embedder.EclipseLogger - skip non existing resourceDirectory F:\Clean_Code\clean_code\src\main\resources
2020-07-15 13:29:52,846 [Worker-5: Building] INFO  o.e.m.c.i.embedder.EclipseLogger - Using 'UTF-8' encoding to copy filtered resources.
2020-07-15 13:29:52,846 [Worker-5: Building] INFO  o.e.m.c.i.embedder.EclipseLogger - skip non existing resourceDirectory F:\Clean_Code\clean_code\src\test\resources
2020-07-15 13:30:26,964 [Worker-0: Building] INFO  o.e.m.c.i.embedder.EclipseLogger - Using 'UTF-8' encoding to copy filtered resources.
2020-07-15 13:30:26,964 [Worker-0: Building] INFO  o.e.m.c.i.embedder.EclipseLogger - skip non existing resourceDirectory F:\Clean_Code\clean_code\src\main\resources
2020-07-15 13:30:26,966 [Worker-0: Building] INFO  o.e.m.c.i.embedder.EclipseLogger - Using 'UTF-8' encoding to copy filtered resources.
2020-07-15 13:30:26,967 [Worker-0: Building] INFO  o.e.m.c.i.embedder.EclipseLogger - skip non existing resourceDirectory F:\Clean_Code\clean_code\src\test\resources
2020-07-15 13:43:37,365 [Worker-14: Building] INFO  o.e.m.c.i.embedder.EclipseLogger - Using 'UTF-8' encoding to copy filtered resources.
2020-07-15 13:43:37,365 [Worker-14: Building] INFO  o.e.m.c.i.embedder.EclipseLogger - skip non existing resourceDirectory F:\Clean_Code\clean_code\src\main\resources
2020-07-15 13:43:37,373 [Worker-14: Building] INFO  o.e.m.c.i.embedder.EclipseLogger - Using 'UTF-8' encoding to copy filtered resources.
2020-07-15 13:43:37,373 [Worker-14: Building] INFO  o.e.m.c.i.embedder.EclipseLogger - skip non existing resourceDirectory F:\Clean_Code\clean_code\src\test\resources
2020-07-15 13:43:55,123 [Worker-14: Building] INFO  o.e.m.c.i.embedder.EclipseLogger - Using 'UTF-8' encoding to copy filtered resources.
2020-07-15 13:43:55,123 [Worker-14: Building] INFO  o.e.m.c.i.embedder.EclipseLogger - skip non existing resourceDirectory F:\Clean_Code\clean_code\src\main\resources
2020-07-15 13:43:55,125 [Worker-14: Building] INFO  o.e.m.c.i.embedder.EclipseLogger - Using 'UTF-8' encoding to copy filtered resources.
2020-07-15 13:43:55,125 [Worker-14: Building] INFO  o.e.m.c.i.embedder.EclipseLogger - skip non existing resourceDirectory F:\Clean_Code\clean_code\src\test\resources
2020-07-15 13:44:54,368 [Worker-13: Building] INFO  o.e.m.c.i.embedder.EclipseLogger - Using 'UTF-8' encoding to copy filtered resources.
2020-07-15 13:44:54,368 [Worker-13: Building] INFO  o.e.m.c.i.embedder.EclipseLogger - skip non existing resourceDirectory F:\Clean_Code\clean_code\src\main\resources
2020-07-15 13:44:54,370 [Worker-13: Building] INFO  o.e.m.c.i.embedder.EclipseLogger - Using 'UTF-8' encoding to copy filtered resources.
2020-07-15 13:44:54,370 [Worker-13: Building] INFO  o.e.m.c.i.embedder.EclipseLogger - skip non existing resourceDirectory F:\Clean_Code\clean_code\src\test\resources
2020-07-15 13:45:52,539 [Worker-13: Building] INFO  o.e.m.c.i.embedder.EclipseLogger - Using 'UTF-8' encoding to copy filtered resources.
2020-07-15 13:45:52,539 [Worker-13: Building] INFO  o.e.m.c.i.embedder.EclipseLogger - skip non existing resourceDirectory F:\Clean_Code\clean_code\src\main\resources
2020-07-15 13:45:52,541 [Worker-13: Building] INFO  o.e.m.c.i.embedder.EclipseLogger - Using 'UTF-8' encoding to copy filtered resources.
2020-07-15 13:45:52,541 [Worker-13: Building] INFO  o.e.m.c.i.embedder.EclipseLogger - skip non existing resourceDirectory F:\Clean_Code\clean_code\src\test\resources
2020-07-15 13:46:05,147 [Worker-18: Building] INFO  o.e.m.c.i.embedder.EclipseLogger - Using 'UTF-8' encoding to copy filtered resources.
2020-07-15 13:46:05,148 [Worker-18: Building] INFO  o.e.m.c.i.embedder.EclipseLogger - skip non existing resourceDirectory F:\Clean_Code\clean_code\src\main\resources
2020-07-15 13:46:05,149 [Worker-18: Building] INFO  o.e.m.c.i.embedder.EclipseLogger - Using 'UTF-8' encoding to copy filtered resources.
2020-07-15 13:46:05,150 [Worker-18: Building] INFO  o.e.m.c.i.embedder.EclipseLogger - skip non existing resourceDirectory F:\Clean_Code\clean_code\src\test\resources
2020-07-15 13:46:25,686 [Worker-18: Launching HouseTest] INFO  o.e.m.c.i.embedder.EclipseLogger - Using 'UTF-8' encoding to copy filtered resources.
2020-07-15 13:46:25,686 [Worker-18: Launching HouseTest] INFO  o.e.m.c.i.embedder.EclipseLogger - skip non existing resourceDirectory F:\Clean_Code\clean_code\src\main\resources
2020-07-15 13:46:25,689 [Worker-18: Launching HouseTest] INFO  o.e.m.c.i.embedder.EclipseLogger - Using 'UTF-8' encoding to copy filtered resources.
2020-07-15 13:46:25,689 [Worker-18: Launching HouseTest] INFO  o.e.m.c.i.embedder.EclipseLogger - skip non existing resourceDirectory F:\Clean_Code\clean_code\src\test\resources
2020-07-15 13:50:30,969 [Worker-19: Creating maven-archetype-quickstart] INFO  o.e.m.c.i.p.ProjectConfigurationManager - Collecting project info '/pom.xml' F:\Clean_Code\Simple_Compound\pom.xml
2020-07-15 13:50:31,232 [Worker-19: Creating maven-archetype-quickstart] INFO  o.e.m.c.i.l.LifecycleMappingFactory - Using org.eclipse.m2e.jdt.JarLifecycleMapping lifecycle mapping for MavenProject: epam.com:Simple_Compound:0.0.1-SNAPSHOT @ F:\Clean_Code\Simple_Compound\pom.xml.
2020-07-15 13:50:31,527 [Worker-19: Creating maven-archetype-quickstart] INFO  o.e.m.j.i.AbstractJavaProjectConfigurator - Adding source folder /Simple_Compound/src/main/java
2020-07-15 13:50:31,531 [Worker-19: Creating maven-archetype-quickstart] INFO  o.e.m.j.i.AbstractJavaProjectConfigurator - Adding source folder /Simple_Compound/src/test/java
2020-07-15 13:50:31,621 [Worker-19: Creating maven-archetype-quickstart] INFO  o.e.m.c.i.p.ProjectConfigurationManager - Imported and configured 1 project(s) in 0 sec
2020-07-15 13:50:31,905 [Worker-14: Building] INFO  o.e.m.c.i.embedder.EclipseLogger - Using 'UTF-8' encoding to copy filtered resources.
2020-07-15 13:50:31,905 [Worker-14: Building] INFO  o.e.m.c.i.embedder.EclipseLogger - skip non existing resourceDirectory F:\Clean_Code\Simple_Compound\src\main\resources
2020-07-15 13:50:31,907 [Worker-14: Building] INFO  o.e.m.c.i.embedder.EclipseLogger - Using 'UTF-8' encoding to copy filtered resources.
2020-07-15 13:50:31,907 [Worker-14: Building] INFO  o.e.m.c.i.embedder.EclipseLogger - skip non existing resourceDirectory F:\Clean_Code\Simple_Compound\src\test\resources
2020-07-15 13:51:03,110 [Worker-18: Building] INFO  o.e.m.c.i.embedder.EclipseLogger - Using 'UTF-8' encoding to copy filtered resources.
2020-07-15 13:51:03,110 [Worker-18: Building] INFO  o.e.m.c.i.embedder.EclipseLogger - skip non existing resourceDirectory F:\Clean_Code\Simple_Compound\src\main\resources
2020-07-15 13:51:03,113 [Worker-18: Building] INFO  o.e.m.c.i.embedder.EclipseLogger - Using 'UTF-8' encoding to copy filtered resources.
2020-07-15 13:51:03,113 [Worker-18: Building] INFO  o.e.m.c.i.embedder.EclipseLogger - skip non existing resourceDirectory F:\Clean_Code\Simple_Compound\src\test\resources
2020-07-15 13:51:22,254 [Worker-19: Building] INFO  o.e.m.c.i.embedder.EclipseLogger - Using 'UTF-8' encoding to copy filtered resources.
2020-07-15 13:51:22,254 [Worker-19: Building] INFO  o.e.m.c.i.embedder.EclipseLogger - skip non existing resourceDirectory F:\Clean_Code\Simple_Compound\src\main\resources
2020-07-15 13:51:22,256 [Worker-19: Building] INFO  o.e.m.c.i.embedder.EclipseLogger - Using 'UTF-8' encoding to copy filtered resources.
2020-07-15 13:51:22,256 [Worker-19: Building] INFO  o.e.m.c.i.embedder.EclipseLogger - skip non existing resourceDirectory F:\Clean_Code\Simple_Compound\src\test\resources
2020-07-15 13:53:04,475 [Worker-14: Building] INFO  o.e.m.c.i.embedder.EclipseLogger - Using 'UTF-8' encoding to copy filtered resources.
2020-07-15 13:53:04,475 [Worker-14: Building] INFO  o.e.m.c.i.embedder.EclipseLogger - skip non existing resourceDirectory F:\Clean_Code\Simple_Compound\src\main\resources
2020-07-15 13:53:04,476 [Worker-14: Building] INFO  o.e.m.c.i.embedder.EclipseLogger - Using 'UTF-8' encoding to copy filtered resources.
2020-07-15 13:53:04,476 [Worker-14: Building] INFO  o.e.m.c.i.embedder.EclipseLogger - skip non existing resourceDirectory F:\Clean_Code\Simple_Compound\src\test\resources
2020-07-15 13:54:48,826 [Worker-14: Building] INFO  o.e.m.c.i.embedder.EclipseLogger - Using 'UTF-8' encoding to copy filtered resources.
2020-07-15 13:54:48,826 [Worker-14: Building] INFO  o.e.m.c.i.embedder.EclipseLogger - skip non existing resourceDirectory F:\Clean_Code\clean_code\src\main\resources
2020-07-15 13:54:48,827 [Worker-14: Building] INFO  o.e.m.c.i.embedder.EclipseLogger - Using 'UTF-8' encoding to copy filtered resources.
2020-07-15 13:54:48,828 [Worker-14: Building] INFO  o.e.m.c.i.embedder.EclipseLogger - skip non existing resourceDirectory F:\Clean_Code\clean_code\src\test\resources
2020-07-15 13:55:36,976 [Worker-20: Building] INFO  o.e.m.c.i.embedder.EclipseLogger - Using 'UTF-8' encoding to copy filtered resources.
2020-07-15 13:55:36,976 [Worker-20: Building] INFO  o.e.m.c.i.embedder.EclipseLogger - skip non existing resourceDirectory F:\Clean_Code\Simple_Compound\src\main\resources
2020-07-15 13:55:36,978 [Worker-20: Building] INFO  o.e.m.c.i.embedder.EclipseLogger - Using 'UTF-8' encoding to copy filtered resources.
2020-07-15 13:55:36,978 [Worker-20: Building] INFO  o.e.m.c.i.embedder.EclipseLogger - skip non existing resourceDirectory F:\Clean_Code\Simple_Compound\src\test\resources
2020-07-15 13:56:08,625 [Worker-18: Building] INFO  o.e.m.c.i.embedder.EclipseLogger - Using 'UTF-8' encoding to copy filtered resources.
2020-07-15 13:56:08,626 [Worker-18: Building] INFO  o.e.m.c.i.embedder.EclipseLogger - skip non existing resourceDirectory F:\Clean_Code\Simple_Compound\src\main\resources
2020-07-15 13:56:08,627 [Worker-18: Building] INFO  o.e.m.c.i.embedder.EclipseLogger - Using 'UTF-8' encoding to copy filtered resources.
2020-07-15 13:56:08,627 [Worker-18: Building] INFO  o.e.m.c.i.embedder.EclipseLogger - skip non existing resourceDirectory F:\Clean_Code\Simple_Compound\src\test\resources
2020-07-15 13:57:17,757 [Worker-14: Building] INFO  o.e.m.c.i.embedder.EclipseLogger - Using 'UTF-8' encoding to copy filtered resources.
2020-07-15 13:57:17,758 [Worker-14: Building] INFO  o.e.m.c.i.embedder.EclipseLogger - skip non existing resourceDirectory F:\Clean_Code\Simple_Compound\src\main\resources
2020-07-15 13:57:17,760 [Worker-14: Building] INFO  o.e.m.c.i.embedder.EclipseLogger - Using 'UTF-8' encoding to copy filtered resources.
2020-07-15 13:57:17,760 [Worker-14: Building] INFO  o.e.m.c.i.embedder.EclipseLogger - skip non existing resourceDirectory F:\Clean_Code\Simple_Compound\src\test\resources
2020-07-15 13:58:11,799 [Worker-20: Building] INFO  o.e.m.c.i.embedder.EclipseLogger - Using 'UTF-8' encoding to copy filtered resources.
2020-07-15 13:58:11,799 [Worker-20: Building] INFO  o.e.m.c.i.embedder.EclipseLogger - skip non existing resourceDirectory F:\Clean_Code\Simple_Compound\src\main\resources
2020-07-15 13:58:11,800 [Worker-20: Building] INFO  o.e.m.c.i.embedder.EclipseLogger - Using 'UTF-8' encoding to copy filtered resources.
2020-07-15 13:58:11,800 [Worker-20: Building] INFO  o.e.m.c.i.embedder.EclipseLogger - skip non existing resourceDirectory F:\Clean_Code\Simple_Compound\src\test\resources
2020-07-15 13:59:29,569 [Worker-14: Building] INFO  o.e.m.c.i.embedder.EclipseLogger - Using 'UTF-8' encoding to copy filtered resources.
2020-07-15 13:59:29,570 [Worker-14: Building] INFO  o.e.m.c.i.embedder.EclipseLogger - skip non existing resourceDirectory F:\Clean_Code\Simple_Compound\src\main\resources
2020-07-15 13:59:29,572 [Worker-14: Building] INFO  o.e.m.c.i.embedder.EclipseLogger - Using 'UTF-8' encoding to copy filtered resources.
2020-07-15 13:59:29,572 [Worker-14: Building] INFO  o.e.m.c.i.embedder.EclipseLogger - skip non existing resourceDirectory F:\Clean_Code\Simple_Compound\src\test\resources
